mode: set
geoaccuracy-backend/internal/service/area_service.go:25.69,29.2 1 1
geoaccuracy-backend/internal/service/area_service.go:31.108,34.16 2 1
geoaccuracy-backend/internal/service/area_service.go:34.16,36.3 1 0
geoaccuracy-backend/internal/service/area_service.go:39.2,40.59 2 1
geoaccuracy-backend/internal/service/area_service.go:40.59,42.3 1 1
geoaccuracy-backend/internal/service/area_service.go:44.2,45.126 2 1
geoaccuracy-backend/internal/service/area_service.go:45.126,47.3 1 1
geoaccuracy-backend/internal/service/area_service.go:49.2,55.53 2 1
geoaccuracy-backend/internal/service/area_service.go:55.53,57.3 1 0
geoaccuracy-backend/internal/service/area_service.go:59.2,59.18 1 1
geoaccuracy-backend/internal/service/area_service.go:62.92,64.2 1 0
geoaccuracy-backend/internal/service/area_service.go:66.77,68.2 1 0
geoaccuracy-backend/internal/service/area_service.go:70.75,72.2 1 0
geoaccuracy-backend/internal/service/area_service.go:74.117,76.2 1 1
geoaccuracy-backend/internal/service/auth_service.go:27.89,29.2 1 0
geoaccuracy-backend/internal/service/auth_service.go:31.111,34.16 2 0
geoaccuracy-backend/internal/service/auth_service.go:34.16,36.3 1 0
geoaccuracy-backend/internal/service/auth_service.go:39.2,46.57 2 0
geoaccuracy-backend/internal/service/auth_service.go:46.57,48.3 1 0
geoaccuracy-backend/internal/service/auth_service.go:51.2,52.16 2 0
geoaccuracy-backend/internal/service/auth_service.go:52.16,54.3 1 0
geoaccuracy-backend/internal/service/auth_service.go:56.2,59.8 1 0
geoaccuracy-backend/internal/service/auth_service.go:62.105,65.16 2 0
geoaccuracy-backend/internal/service/auth_service.go:65.16,66.40 1 0
geoaccuracy-backend/internal/service/auth_service.go:66.40,68.4 1 0
geoaccuracy-backend/internal/service/auth_service.go:69.3,69.18 1 0
geoaccuracy-backend/internal/service/auth_service.go:73.2,74.28 2 0
geoaccuracy-backend/internal/service/auth_service.go:74.28,76.3 1 0
geoaccuracy-backend/internal/service/auth_service.go:79.2,80.16 2 0
geoaccuracy-backend/internal/service/auth_service.go:80.16,82.3 1 0
geoaccuracy-backend/internal/service/auth_service.go:84.2,87.8 1 0
geoaccuracy-backend/internal/service/batch_service.go:21.168,28.2 1 0
geoaccuracy-backend/internal/service/batch_service.go:30.107,37.16 3 0
geoaccuracy-backend/internal/service/batch_service.go:37.16,39.3 1 0
geoaccuracy-backend/internal/service/batch_service.go:40.2,40.19 1 0
geoaccuracy-backend/internal/service/batch_service.go:43.91,45.2 1 0
geoaccuracy-backend/internal/service/batch_service.go:47.99,49.2 1 0
geoaccuracy-backend/internal/service/batch_service.go:51.118,53.30 2 0
geoaccuracy-backend/internal/service/batch_service.go:53.30,61.3 1 0
geoaccuracy-backend/internal/service/batch_service.go:62.2,62.49 1 0
geoaccuracy-backend/internal/service/batch_service.go:65.116,67.30 2 0
geoaccuracy-backend/internal/service/batch_service.go:67.30,78.3 3 0
geoaccuracy-backend/internal/service/batch_service.go:79.2,79.49 1 0
geoaccuracy-backend/internal/service/batch_service.go:82.97,84.16 2 0
geoaccuracy-backend/internal/service/batch_service.go:84.16,86.3 1 0
geoaccuracy-backend/internal/service/batch_service.go:88.2,89.16 2 0
geoaccuracy-backend/internal/service/batch_service.go:89.16,92.3 2 0
geoaccuracy-backend/internal/service/batch_service.go:94.2,101.29 5 0
geoaccuracy-backend/internal/service/batch_service.go:101.29,102.31 1 0
geoaccuracy-backend/internal/service/batch_service.go:102.31,103.12 1 0
geoaccuracy-backend/internal/service/batch_service.go:106.3,110.51 4 0
geoaccuracy-backend/internal/service/batch_service.go:110.51,112.4 1 0
geoaccuracy-backend/internal/service/batch_service.go:112.9,114.21 2 0
geoaccuracy-backend/internal/service/batch_service.go:114.21,116.5 1 0
geoaccuracy-backend/internal/service/batch_service.go:119.3,126.20 2 0
geoaccuracy-backend/internal/service/batch_service.go:126.20,131.54 3 0
geoaccuracy-backend/internal/service/batch_service.go:131.54,145.5 2 0
geoaccuracy-backend/internal/service/batch_service.go:146.9,153.52 6 0
geoaccuracy-backend/internal/service/batch_service.go:153.52,172.55 6 0
geoaccuracy-backend/internal/service/batch_service.go:172.55,189.6 3 0
geoaccuracy-backend/internal/service/batch_service.go:193.3,193.47 1 0
geoaccuracy-backend/internal/service/batch_service.go:196.2,196.72 1 0
geoaccuracy-backend/internal/service/batch_service.go:196.72,199.3 2 0
geoaccuracy-backend/internal/service/batch_service.go:201.2,204.12 2 0
geoaccuracy-backend/internal/service/batch_service.go:204.12,206.63 2 0
geoaccuracy-backend/internal/service/batch_service.go:206.63,208.4 1 0
geoaccuracy-backend/internal/service/batch_service.go:210.3,210.29 1 0
geoaccuracy-backend/internal/service/batch_service.go:210.29,211.40 1 0
geoaccuracy-backend/internal/service/batch_service.go:211.40,213.93 2 0
geoaccuracy-backend/internal/service/batch_service.go:213.93,215.6 1 0
geoaccuracy-backend/internal/service/batch_service.go:217.4,217.101 1 0
geoaccuracy-backend/internal/service/batch_service.go:221.2,221.12 1 0
geoaccuracy-backend/internal/service/batch_service.go:225.36,226.14 1 0
geoaccuracy-backend/internal/service/batch_service.go:226.14,228.3 1 0
geoaccuracy-backend/internal/service/batch_service.go:229.2,229.11 1 0
geoaccuracy-backend/internal/service/batch_service.go:232.108,234.2 1 0
geoaccuracy-backend/internal/service/batch_service.go:238.111,240.2 1 0
geoaccuracy-backend/internal/service/batch_service.go:244.89,246.2 1 0
geoaccuracy-backend/internal/service/comparison_service.go:24.100,29.2 1 0
geoaccuracy-backend/internal/service/comparison_service.go:31.152,34.33 2 0
geoaccuracy-backend/internal/service/comparison_service.go:34.33,35.35 1 0
geoaccuracy-backend/internal/service/comparison_service.go:35.35,37.4 1 0
geoaccuracy-backend/internal/service/comparison_service.go:38.3,39.33 2 0
geoaccuracy-backend/internal/service/comparison_service.go:42.2,45.12 2 0
geoaccuracy-backend/internal/service/comparison_service.go:45.12,47.63 2 0
geoaccuracy-backend/internal/service/comparison_service.go:47.63,49.4 1 0
geoaccuracy-backend/internal/service/comparison_service.go:52.2,52.18 1 0
geoaccuracy-backend/internal/service/comparison_service.go:55.82,57.2 1 0
geoaccuracy-backend/internal/service/comparison_service.go:59.136,61.16 2 0
geoaccuracy-backend/internal/service/comparison_service.go:61.16,69.3 1 0
geoaccuracy-backend/internal/service/comparison_service.go:71.2,84.3 3 0
geoaccuracy-backend/internal/service/comparison_service.go:88.92,93.28 2 0
geoaccuracy-backend/internal/service/comparison_service.go:93.28,94.20 1 0
geoaccuracy-backend/internal/service/comparison_service.go:94.20,96.12 2 0
geoaccuracy-backend/internal/service/comparison_service.go:98.3,98.26 1 0
geoaccuracy-backend/internal/service/comparison_service.go:99.19,100.21 1 0
geoaccuracy-backend/internal/service/comparison_service.go:101.26,102.19 1 0
geoaccuracy-backend/internal/service/comparison_service.go:103.21,104.23 1 0
geoaccuracy-backend/internal/service/comparison_service.go:105.11,106.18 1 0
geoaccuracy-backend/internal/service/comparison_service.go:109.2,109.10 1 0
geoaccuracy-backend/internal/service/datasource_service.go:46.103,48.2 1 0
geoaccuracy-backend/internal/service/datasource_service.go:50.68,51.33 1 0
geoaccuracy-backend/internal/service/datasource_service.go:51.33,54.3 1 0
geoaccuracy-backend/internal/service/datasource_service.go:54.8,54.35 1 0
geoaccuracy-backend/internal/service/datasource_service.go:54.35,57.3 1 0
geoaccuracy-backend/internal/service/datasource_service.go:58.2,58.11 1 0
geoaccuracy-backend/internal/service/datasource_service.go:61.73,63.15 2 0
geoaccuracy-backend/internal/service/datasource_service.go:63.15,65.3 1 0
geoaccuracy-backend/internal/service/datasource_service.go:67.2,68.28 2 0
geoaccuracy-backend/internal/service/datasource_service.go:68.28,70.3 1 0
geoaccuracy-backend/internal/service/datasource_service.go:72.2,73.16 2 0
geoaccuracy-backend/internal/service/datasource_service.go:73.16,75.3 1 0
geoaccuracy-backend/internal/service/datasource_service.go:76.2,78.18 2 0
geoaccuracy-backend/internal/service/datasource_service.go:81.86,84.16 2 0
geoaccuracy-backend/internal/service/datasource_service.go:84.16,86.3 1 0
geoaccuracy-backend/internal/service/datasource_service.go:87.2,89.31 2 0
geoaccuracy-backend/internal/service/datasource_service.go:92.98,94.16 2 0
geoaccuracy-backend/internal/service/datasource_service.go:94.16,96.3 1 0
geoaccuracy-backend/internal/service/datasource_service.go:98.2,98.25 1 0
geoaccuracy-backend/internal/service/datasource_service.go:98.25,100.3 1 0
geoaccuracy-backend/internal/service/datasource_service.go:101.2,101.21 1 0
geoaccuracy-backend/internal/service/datasource_service.go:104.103,106.2 1 0
geoaccuracy-backend/internal/service/datasource_service.go:108.126,110.16 2 0
geoaccuracy-backend/internal/service/datasource_service.go:110.16,112.3 1 0
geoaccuracy-backend/internal/service/datasource_service.go:113.2,113.14 1 0
geoaccuracy-backend/internal/service/datasource_service.go:113.14,115.3 1 0
geoaccuracy-backend/internal/service/datasource_service.go:116.2,116.15 1 0
geoaccuracy-backend/internal/service/datasource_service.go:119.131,121.2 1 0
geoaccuracy-backend/internal/service/datasource_service.go:123.108,125.2 1 0
geoaccuracy-backend/internal/service/datasource_service.go:127.95,129.2 1 0
geoaccuracy-backend/internal/service/datasource_service.go:131.107,133.16 2 0
geoaccuracy-backend/internal/service/datasource_service.go:133.16,135.3 1 0
geoaccuracy-backend/internal/service/datasource_service.go:136.2,136.15 1 0
geoaccuracy-backend/internal/service/datasource_service.go:136.15,138.3 1 0
geoaccuracy-backend/internal/service/datasource_service.go:140.2,141.16 2 0
geoaccuracy-backend/internal/service/datasource_service.go:141.16,143.3 1 0
geoaccuracy-backend/internal/service/datasource_service.go:144.2,148.28 4 0
geoaccuracy-backend/internal/service/datasource_service.go:148.28,150.3 1 0
geoaccuracy-backend/internal/service/datasource_service.go:152.2,153.16 2 0
geoaccuracy-backend/internal/service/datasource_service.go:153.16,155.3 1 0
geoaccuracy-backend/internal/service/datasource_service.go:156.2,158.44 2 0
geoaccuracy-backend/internal/service/datasource_service.go:158.44,160.3 1 0
geoaccuracy-backend/internal/service/datasource_service.go:162.2,162.62 1 0
geoaccuracy-backend/internal/service/datasource_service.go:162.62,164.3 1 0
geoaccuracy-backend/internal/service/datasource_service.go:164.8,164.35 1 0
geoaccuracy-backend/internal/service/datasource_service.go:164.35,166.3 1 0
geoaccuracy-backend/internal/service/datasource_service.go:168.2,168.74 1 0
geoaccuracy-backend/internal/service/datasource_service.go:171.80,179.16 3 0
geoaccuracy-backend/internal/service/datasource_service.go:179.16,181.3 1 0
geoaccuracy-backend/internal/service/datasource_service.go:182.2,184.30 2 0
geoaccuracy-backend/internal/service/datasource_service.go:187.92,195.16 3 0
geoaccuracy-backend/internal/service/datasource_service.go:195.16,197.3 1 0
geoaccuracy-backend/internal/service/datasource_service.go:198.2,200.30 2 0
geoaccuracy-backend/internal/service/datasource_service.go:203.61,207.18 3 0
geoaccuracy-backend/internal/service/datasource_service.go:207.18,209.71 2 0
geoaccuracy-backend/internal/service/datasource_service.go:209.71,211.4 1 0
geoaccuracy-backend/internal/service/datasource_service.go:213.3,213.49 1 0
geoaccuracy-backend/internal/service/datasource_service.go:213.49,216.4 2 0
geoaccuracy-backend/internal/service/datasource_service.go:217.3,220.5 1 0
geoaccuracy-backend/internal/service/datasource_service.go:223.2,223.35 1 0
geoaccuracy-backend/internal/service/datasource_service.go:223.35,225.3 1 0
geoaccuracy-backend/internal/service/datasource_service.go:227.2,228.35 2 0
geoaccuracy-backend/internal/service/datasource_service.go:228.35,230.3 1 0
geoaccuracy-backend/internal/service/datasource_service.go:231.2,231.20 1 0
geoaccuracy-backend/internal/service/erp_integration_service.go:25.146,34.2 1 0
geoaccuracy-backend/internal/service/erp_integration_service.go:36.93,37.29 1 0
geoaccuracy-backend/internal/service/erp_integration_service.go:37.29,39.17 2 0
geoaccuracy-backend/internal/service/erp_integration_service.go:39.17,41.4 1 0
geoaccuracy-backend/internal/service/erp_integration_service.go:42.3,42.35 1 0
geoaccuracy-backend/internal/service/erp_integration_service.go:44.2,44.30 1 0
geoaccuracy-backend/internal/service/erp_integration_service.go:47.114,49.16 2 0
geoaccuracy-backend/internal/service/erp_integration_service.go:49.16,51.3 1 0
geoaccuracy-backend/internal/service/erp_integration_service.go:52.2,52.29 1 0
geoaccuracy-backend/internal/service/erp_integration_service.go:52.29,54.17 2 0
geoaccuracy-backend/internal/service/erp_integration_service.go:54.17,56.4 1 0
geoaccuracy-backend/internal/service/erp_integration_service.go:57.3,57.35 1 0
geoaccuracy-backend/internal/service/erp_integration_service.go:59.2,59.15 1 0
geoaccuracy-backend/internal/service/erp_integration_service.go:62.106,64.16 2 0
geoaccuracy-backend/internal/service/erp_integration_service.go:64.16,66.3 1 0
geoaccuracy-backend/internal/service/erp_integration_service.go:68.2,68.32 1 0
geoaccuracy-backend/internal/service/erp_integration_service.go:68.32,70.3 1 0
geoaccuracy-backend/internal/service/erp_integration_service.go:71.2,71.26 1 0
geoaccuracy-backend/internal/service/erp_integration_service.go:74.103,76.2 1 0
geoaccuracy-backend/internal/service/erp_integration_service.go:78.93,82.80 1 0
geoaccuracy-backend/internal/service/erp_integration_service.go:82.80,84.17 2 0
geoaccuracy-backend/internal/service/erp_integration_service.go:84.17,86.4 1 0
geoaccuracy-backend/internal/service/erp_integration_service.go:87.3,87.35 1 0
geoaccuracy-backend/internal/service/erp_integration_service.go:88.8,91.17 2 0
geoaccuracy-backend/internal/service/erp_integration_service.go:91.17,93.4 1 0
geoaccuracy-backend/internal/service/erp_integration_service.go:94.3,94.47 1 0
geoaccuracy-backend/internal/service/erp_integration_service.go:97.2,97.30 1 0
geoaccuracy-backend/internal/service/erp_integration_service.go:100.91,102.2 1 0
geoaccuracy-backend/internal/service/erp_integration_service.go:105.96,112.16 3 0
geoaccuracy-backend/internal/service/erp_integration_service.go:112.16,116.21 2 0
geoaccuracy-backend/internal/service/erp_integration_service.go:116.21,118.4 1 0
geoaccuracy-backend/internal/service/erp_integration_service.go:119.3,120.27 2 0
geoaccuracy-backend/internal/service/erp_integration_service.go:120.27,121.31 1 0
geoaccuracy-backend/internal/service/erp_integration_service.go:121.31,123.10 2 0
geoaccuracy-backend/internal/service/erp_integration_service.go:126.3,126.19 1 0
geoaccuracy-backend/internal/service/erp_integration_service.go:126.19,128.4 1 0
geoaccuracy-backend/internal/service/erp_integration_service.go:129.3,129.12 1 0
geoaccuracy-backend/internal/service/erp_integration_service.go:133.2,134.29 2 0
geoaccuracy-backend/internal/service/erp_integration_service.go:134.29,136.17 2 0
geoaccuracy-backend/internal/service/erp_integration_service.go:136.17,138.4 1 0
geoaccuracy-backend/internal/service/erp_integration_service.go:141.2,142.16 2 0
geoaccuracy-backend/internal/service/erp_integration_service.go:142.16,144.3 1 0
geoaccuracy-backend/internal/service/erp_integration_service.go:146.2,146.44 1 0
geoaccuracy-backend/internal/service/erp_integration_service.go:146.44,148.3 1 0
geoaccuracy-backend/internal/service/erp_integration_service.go:149.2,152.16 3 0
geoaccuracy-backend/internal/service/erp_integration_service.go:152.16,154.3 1 0
geoaccuracy-backend/internal/service/erp_integration_service.go:155.2,157.52 2 0
geoaccuracy-backend/internal/service/erp_integration_service.go:157.52,159.3 1 0
geoaccuracy-backend/internal/service/erp_integration_service.go:161.2,162.16 2 0
geoaccuracy-backend/internal/service/erp_integration_service.go:162.16,164.3 1 0
geoaccuracy-backend/internal/service/erp_integration_service.go:167.2,168.60 2 0
geoaccuracy-backend/internal/service/erp_integration_service.go:168.60,174.3 2 0
geoaccuracy-backend/internal/service/erp_integration_service.go:176.2,176.27 1 0
geoaccuracy-backend/internal/service/erp_integration_service.go:176.27,178.3 1 0
geoaccuracy-backend/internal/service/erp_integration_service.go:181.2,181.97 1 0
geoaccuracy-backend/internal/service/erp_integration_service.go:181.97,183.3 1 0
geoaccuracy-backend/internal/service/erp_integration_service.go:186.2,186.73 1 0
geoaccuracy-backend/internal/service/erp_integration_service.go:186.73,188.3 1 0
geoaccuracy-backend/internal/service/erp_integration_service.go:190.2,190.12 1 0
geoaccuracy-backend/internal/service/etl_service.go:57.91,59.2 1 1
geoaccuracy-backend/internal/service/etl_service.go:64.45,65.46 1 1
geoaccuracy-backend/internal/service/etl_service.go:65.46,67.3 1 0
geoaccuracy-backend/internal/service/etl_service.go:68.2,68.12 1 1
geoaccuracy-backend/internal/service/etl_service.go:71.44,72.97 1 1
geoaccuracy-backend/internal/service/etl_service.go:72.97,74.3 1 0
geoaccuracy-backend/internal/service/etl_service.go:75.2,77.39 3 1
geoaccuracy-backend/internal/service/etl_service.go:77.39,78.34 1 1
geoaccuracy-backend/internal/service/etl_service.go:78.34,80.4 1 0
geoaccuracy-backend/internal/service/etl_service.go:82.2,82.12 1 1
geoaccuracy-backend/internal/service/etl_service.go:86.88,87.28 1 1
geoaccuracy-backend/internal/service/etl_service.go:87.28,89.3 1 1
geoaccuracy-backend/internal/service/etl_service.go:90.2,90.61 1 1
geoaccuracy-backend/internal/service/etl_service.go:90.61,92.3 1 0
geoaccuracy-backend/internal/service/etl_service.go:93.2,93.31 1 1
geoaccuracy-backend/internal/service/etl_service.go:93.31,95.3 1 1
geoaccuracy-backend/internal/service/etl_service.go:98.2,99.42 2 1
geoaccuracy-backend/internal/service/etl_service.go:99.42,100.66 1 1
geoaccuracy-backend/internal/service/etl_service.go:100.66,102.4 1 0
geoaccuracy-backend/internal/service/etl_service.go:103.3,103.64 1 1
geoaccuracy-backend/internal/service/etl_service.go:103.64,105.4 1 0
geoaccuracy-backend/internal/service/etl_service.go:106.3,106.95 1 1
geoaccuracy-backend/internal/service/etl_service.go:108.2,115.33 4 1
geoaccuracy-backend/internal/service/etl_service.go:115.33,116.53 1 1
geoaccuracy-backend/internal/service/etl_service.go:116.53,118.4 1 0
geoaccuracy-backend/internal/service/etl_service.go:119.3,119.56 1 1
geoaccuracy-backend/internal/service/etl_service.go:119.56,121.4 1 0
geoaccuracy-backend/internal/service/etl_service.go:122.3,122.56 1 1
geoaccuracy-backend/internal/service/etl_service.go:122.56,124.4 1 0
geoaccuracy-backend/internal/service/etl_service.go:126.3,127.41 2 1
geoaccuracy-backend/internal/service/etl_service.go:127.41,129.4 1 1
geoaccuracy-backend/internal/service/etl_service.go:130.3,130.106 1 1
geoaccuracy-backend/internal/service/etl_service.go:132.2,136.35 3 1
geoaccuracy-backend/internal/service/etl_service.go:136.35,137.54 1 0
geoaccuracy-backend/internal/service/etl_service.go:137.54,139.4 1 0
geoaccuracy-backend/internal/service/etl_service.go:141.3,143.20 3 0
geoaccuracy-backend/internal/service/etl_service.go:143.20,145.4 1 0
geoaccuracy-backend/internal/service/etl_service.go:148.3,149.49 2 0
geoaccuracy-backend/internal/service/etl_service.go:149.49,151.4 1 0
geoaccuracy-backend/internal/service/etl_service.go:152.3,152.78 1 0
geoaccuracy-backend/internal/service/etl_service.go:154.2,155.24 2 1
geoaccuracy-backend/internal/service/etl_service.go:155.24,157.3 1 0
geoaccuracy-backend/internal/service/etl_service.go:160.2,161.20 2 1
geoaccuracy-backend/internal/service/etl_service.go:161.20,163.3 1 1
geoaccuracy-backend/internal/service/etl_service.go:164.2,164.20 1 1
geoaccuracy-backend/internal/service/etl_service.go:164.20,166.3 1 0
geoaccuracy-backend/internal/service/etl_service.go:168.2,168.22 1 1
geoaccuracy-backend/internal/service/etl_service.go:168.22,170.3 1 1
geoaccuracy-backend/internal/service/etl_service.go:172.2,172.19 1 1
geoaccuracy-backend/internal/service/etl_service.go:176.61,177.62 1 0
geoaccuracy-backend/internal/service/etl_service.go:177.62,180.3 1 0
geoaccuracy-backend/internal/service/etl_service.go:180.8,180.35 1 0
geoaccuracy-backend/internal/service/etl_service.go:180.35,183.3 1 0
geoaccuracy-backend/internal/service/etl_service.go:184.2,184.11 1 0
geoaccuracy-backend/internal/service/etl_service.go:188.130,190.66 2 0
geoaccuracy-backend/internal/service/etl_service.go:190.66,192.3 1 0
geoaccuracy-backend/internal/service/etl_service.go:195.2,198.29 3 0
geoaccuracy-backend/internal/service/etl_service.go:198.29,200.3 1 0
geoaccuracy-backend/internal/service/etl_service.go:203.2,204.16 2 0
geoaccuracy-backend/internal/service/etl_service.go:204.16,206.3 1 0
geoaccuracy-backend/internal/service/etl_service.go:207.2,211.16 3 0
geoaccuracy-backend/internal/service/etl_service.go:211.16,213.3 1 0
geoaccuracy-backend/internal/service/etl_service.go:216.2,217.28 2 0
geoaccuracy-backend/internal/service/etl_service.go:217.28,219.3 1 0
geoaccuracy-backend/internal/service/etl_service.go:221.2,222.16 2 0
geoaccuracy-backend/internal/service/etl_service.go:222.16,224.3 1 0
geoaccuracy-backend/internal/service/etl_service.go:225.2,229.16 3 0
geoaccuracy-backend/internal/service/etl_service.go:229.16,231.3 1 0
geoaccuracy-backend/internal/service/etl_service.go:232.2,236.16 3 0
geoaccuracy-backend/internal/service/etl_service.go:236.16,238.3 1 0
geoaccuracy-backend/internal/service/etl_service.go:240.2,242.18 2 0
geoaccuracy-backend/internal/service/etl_service.go:242.18,245.30 3 0
geoaccuracy-backend/internal/service/etl_service.go:245.30,247.4 1 0
geoaccuracy-backend/internal/service/etl_service.go:249.3,249.54 1 0
geoaccuracy-backend/internal/service/etl_service.go:249.54,251.4 1 0
geoaccuracy-backend/internal/service/etl_service.go:253.3,254.35 2 0
geoaccuracy-backend/internal/service/etl_service.go:254.35,257.36 2 0
geoaccuracy-backend/internal/service/etl_service.go:257.36,259.5 1 0
geoaccuracy-backend/internal/service/etl_service.go:259.10,261.5 1 0
geoaccuracy-backend/internal/service/etl_service.go:263.3,263.37 1 0
geoaccuracy-backend/internal/service/etl_service.go:266.2,266.21 1 0
geoaccuracy-backend/internal/service/etl_service.go:270.140,272.66 2 0
geoaccuracy-backend/internal/service/etl_service.go:272.66,274.3 1 0
geoaccuracy-backend/internal/service/etl_service.go:276.2,277.29 2 0
geoaccuracy-backend/internal/service/etl_service.go:277.29,279.3 1 0
geoaccuracy-backend/internal/service/etl_service.go:281.2,282.16 2 0
geoaccuracy-backend/internal/service/etl_service.go:282.16,284.3 1 0
geoaccuracy-backend/internal/service/etl_service.go:285.2,288.16 3 0
geoaccuracy-backend/internal/service/etl_service.go:288.16,290.3 1 0
geoaccuracy-backend/internal/service/etl_service.go:292.2,293.28 2 0
geoaccuracy-backend/internal/service/etl_service.go:293.28,295.3 1 0
geoaccuracy-backend/internal/service/etl_service.go:297.2,298.16 2 0
geoaccuracy-backend/internal/service/etl_service.go:298.16,300.3 1 0
geoaccuracy-backend/internal/service/etl_service.go:301.2,304.16 3 0
geoaccuracy-backend/internal/service/etl_service.go:304.16,306.3 1 0
geoaccuracy-backend/internal/service/etl_service.go:307.2,310.16 3 0
geoaccuracy-backend/internal/service/etl_service.go:310.16,312.3 1 0
geoaccuracy-backend/internal/service/etl_service.go:315.2,316.30 2 0
geoaccuracy-backend/internal/service/etl_service.go:316.30,318.3 1 0
geoaccuracy-backend/internal/service/etl_service.go:320.2,322.18 2 0
geoaccuracy-backend/internal/service/etl_service.go:322.18,326.30 3 0
geoaccuracy-backend/internal/service/etl_service.go:326.30,328.4 1 0
geoaccuracy-backend/internal/service/etl_service.go:330.3,330.54 1 0
geoaccuracy-backend/internal/service/etl_service.go:330.54,332.4 1 0
geoaccuracy-backend/internal/service/etl_service.go:335.3,335.40 1 0
geoaccuracy-backend/internal/service/etl_service.go:335.40,337.11 2 0
geoaccuracy-backend/internal/service/etl_service.go:337.11,339.5 1 0
geoaccuracy-backend/internal/service/etl_service.go:340.4,341.33 2 0
geoaccuracy-backend/internal/service/etl_service.go:341.33,343.5 1 0
geoaccuracy-backend/internal/service/etl_service.go:344.4,344.36 1 0
geoaccuracy-backend/internal/service/etl_service.go:344.36,346.5 1 0
geoaccuracy-backend/internal/service/etl_service.go:347.4,347.34 1 0
geoaccuracy-backend/internal/service/etl_service.go:351.3,351.40 1 0
geoaccuracy-backend/internal/service/etl_service.go:351.40,353.11 2 0
geoaccuracy-backend/internal/service/etl_service.go:353.11,355.5 1 0
geoaccuracy-backend/internal/service/etl_service.go:356.4,357.33 2 0
geoaccuracy-backend/internal/service/etl_service.go:357.33,359.5 1 0
geoaccuracy-backend/internal/service/etl_service.go:362.4,362.30 1 0
geoaccuracy-backend/internal/service/etl_service.go:363.17,364.13 1 0
geoaccuracy-backend/internal/service/etl_service.go:365.17,366.22 1 0
geoaccuracy-backend/internal/service/etl_service.go:367.15,368.22 1 0
geoaccuracy-backend/internal/service/etl_service.go:369.15,370.22 1 0
geoaccuracy-backend/internal/service/etl_service.go:371.13,372.22 1 0
geoaccuracy-backend/internal/service/etl_service.go:373.16,376.13 3 0
geoaccuracy-backend/internal/service/etl_service.go:377.16,380.13 3 0
geoaccuracy-backend/internal/service/etl_service.go:381.12,382.15 1 0
geoaccuracy-backend/internal/service/etl_service.go:386.3,393.30 2 0
geoaccuracy-backend/internal/service/etl_service.go:396.2,396.19 1 0
geoaccuracy-backend/internal/service/etl_service.go:400.184,402.66 2 0
geoaccuracy-backend/internal/service/etl_service.go:402.66,404.3 1 0
geoaccuracy-backend/internal/service/etl_service.go:406.2,407.29 2 0
geoaccuracy-backend/internal/service/etl_service.go:407.29,409.3 1 0
geoaccuracy-backend/internal/service/etl_service.go:411.2,412.16 2 0
geoaccuracy-backend/internal/service/etl_service.go:412.16,414.3 1 0
geoaccuracy-backend/internal/service/etl_service.go:415.2,418.16 3 0
geoaccuracy-backend/internal/service/etl_service.go:418.16,420.3 1 0
geoaccuracy-backend/internal/service/etl_service.go:422.2,423.28 2 0
geoaccuracy-backend/internal/service/etl_service.go:423.28,425.3 1 0
geoaccuracy-backend/internal/service/etl_service.go:427.2,428.16 2 0
geoaccuracy-backend/internal/service/etl_service.go:428.16,430.3 1 0
geoaccuracy-backend/internal/service/etl_service.go:431.2,434.16 3 0
geoaccuracy-backend/internal/service/etl_service.go:434.16,436.3 1 0
geoaccuracy-backend/internal/service/etl_service.go:437.2,440.16 3 0
geoaccuracy-backend/internal/service/etl_service.go:440.16,442.3 1 0
geoaccuracy-backend/internal/service/etl_service.go:444.2,445.30 2 0
geoaccuracy-backend/internal/service/etl_service.go:445.30,447.3 1 0
geoaccuracy-backend/internal/service/etl_service.go:449.2,451.18 2 0
geoaccuracy-backend/internal/service/etl_service.go:451.18,454.30 3 0
geoaccuracy-backend/internal/service/etl_service.go:454.30,456.4 1 0
geoaccuracy-backend/internal/service/etl_service.go:458.3,458.54 1 0
geoaccuracy-backend/internal/service/etl_service.go:458.54,460.4 1 0
geoaccuracy-backend/internal/service/etl_service.go:462.3,462.40 1 0
geoaccuracy-backend/internal/service/etl_service.go:462.40,464.11 2 0
geoaccuracy-backend/internal/service/etl_service.go:464.11,466.5 1 0
geoaccuracy-backend/internal/service/etl_service.go:467.4,468.33 2 0
geoaccuracy-backend/internal/service/etl_service.go:468.33,470.5 1 0
geoaccuracy-backend/internal/service/etl_service.go:471.4,471.36 1 0
geoaccuracy-backend/internal/service/etl_service.go:471.36,473.5 1 0
geoaccuracy-backend/internal/service/etl_service.go:474.4,474.34 1 0
geoaccuracy-backend/internal/service/etl_service.go:477.3,477.40 1 0
geoaccuracy-backend/internal/service/etl_service.go:477.40,479.11 2 0
geoaccuracy-backend/internal/service/etl_service.go:479.11,481.5 1 0
geoaccuracy-backend/internal/service/etl_service.go:482.4,483.33 2 0
geoaccuracy-backend/internal/service/etl_service.go:483.33,485.5 1 0
geoaccuracy-backend/internal/service/etl_service.go:486.4,486.30 1 0
geoaccuracy-backend/internal/service/etl_service.go:487.17,488.13 1 0
geoaccuracy-backend/internal/service/etl_service.go:489.17,490.22 1 0
geoaccuracy-backend/internal/service/etl_service.go:491.15,492.22 1 0
geoaccuracy-backend/internal/service/etl_service.go:493.15,494.22 1 0
geoaccuracy-backend/internal/service/etl_service.go:495.13,496.22 1 0
geoaccuracy-backend/internal/service/etl_service.go:497.16,500.13 3 0
geoaccuracy-backend/internal/service/etl_service.go:501.16,504.13 3 0
geoaccuracy-backend/internal/service/etl_service.go:505.12,506.15 1 0
geoaccuracy-backend/internal/service/etl_service.go:510.3,518.30 3 0
geoaccuracy-backend/internal/service/etl_service.go:518.30,519.46 1 0
geoaccuracy-backend/internal/service/etl_service.go:519.46,521.5 1 0
geoaccuracy-backend/internal/service/etl_service.go:522.4,522.21 1 0
geoaccuracy-backend/internal/service/etl_service.go:526.2,526.20 1 0
geoaccuracy-backend/internal/service/etl_service.go:526.20,527.45 1 0
geoaccuracy-backend/internal/service/etl_service.go:527.45,529.4 1 0
geoaccuracy-backend/internal/service/etl_service.go:532.2,532.12 1 0
geoaccuracy-backend/internal/service/geocode_service.go:40.121,54.2 3 1
geoaccuracy-backend/internal/service/geocode_service.go:64.40,72.2 5 1
geoaccuracy-backend/internal/service/geocode_service.go:74.123,76.19 2 1
geoaccuracy-backend/internal/service/geocode_service.go:76.19,78.3 1 0
geoaccuracy-backend/internal/service/geocode_service.go:82.2,87.33 4 1
geoaccuracy-backend/internal/service/geocode_service.go:87.33,97.3 1 1
geoaccuracy-backend/internal/service/geocode_service.go:100.2,101.17 2 1
geoaccuracy-backend/internal/service/geocode_service.go:101.17,103.36 2 1
geoaccuracy-backend/internal/service/geocode_service.go:103.36,107.4 3 1
geoaccuracy-backend/internal/service/geocode_service.go:111.2,116.16 4 1
geoaccuracy-backend/internal/service/geocode_service.go:116.16,118.38 2 1
geoaccuracy-backend/internal/service/geocode_service.go:118.38,121.4 2 1
geoaccuracy-backend/internal/service/geocode_service.go:122.3,122.96 1 1
geoaccuracy-backend/internal/service/geocode_service.go:126.2,126.23 1 1
geoaccuracy-backend/internal/service/geocode_service.go:126.23,128.38 2 1
geoaccuracy-backend/internal/service/geocode_service.go:128.38,131.4 2 1
geoaccuracy-backend/internal/service/geocode_service.go:132.3,132.95 1 1
geoaccuracy-backend/internal/service/geocode_service.go:136.2,136.28 1 1
geoaccuracy-backend/internal/service/geocode_service.go:136.28,138.38 2 1
geoaccuracy-backend/internal/service/geocode_service.go:138.38,141.4 2 0
geoaccuracy-backend/internal/service/geocode_service.go:142.3,142.100 1 1
geoaccuracy-backend/internal/service/geocode_service.go:146.2,146.19 1 1
geoaccuracy-backend/internal/service/geocode_service.go:146.19,148.38 2 1
geoaccuracy-backend/internal/service/geocode_service.go:148.38,151.4 2 1
geoaccuracy-backend/internal/service/geocode_service.go:152.3,152.101 1 0
geoaccuracy-backend/internal/service/geocode_service.go:155.2,155.23 1 1
geoaccuracy-backend/internal/service/geocode_service.go:155.23,157.3 1 1
geoaccuracy-backend/internal/service/geocode_service.go:158.2,158.94 1 0
geoaccuracy-backend/internal/service/geocode_service.go:161.113,166.16 4 1
geoaccuracy-backend/internal/service/geocode_service.go:166.16,168.3 1 0
geoaccuracy-backend/internal/service/geocode_service.go:169.2,172.16 3 1
geoaccuracy-backend/internal/service/geocode_service.go:172.16,174.3 1 0
geoaccuracy-backend/internal/service/geocode_service.go:175.2,177.51 2 1
geoaccuracy-backend/internal/service/geocode_service.go:177.51,179.3 1 1
geoaccuracy-backend/internal/service/geocode_service.go:179.8,179.45 1 1
geoaccuracy-backend/internal/service/geocode_service.go:179.45,181.3 1 1
geoaccuracy-backend/internal/service/geocode_service.go:183.2,195.68 2 1
geoaccuracy-backend/internal/service/geocode_service.go:195.68,197.3 1 0
geoaccuracy-backend/internal/service/geocode_service.go:199.2,199.23 1 1
geoaccuracy-backend/internal/service/geocode_service.go:199.23,201.3 1 0
geoaccuracy-backend/internal/service/geocode_service.go:203.2,208.16 5 1
geoaccuracy-backend/internal/service/geocode_service.go:208.16,210.3 1 0
geoaccuracy-backend/internal/service/geocode_service.go:211.2,211.16 1 1
geoaccuracy-backend/internal/service/geocode_service.go:211.16,213.3 1 0
geoaccuracy-backend/internal/service/geocode_service.go:215.2,216.20 2 1
geoaccuracy-backend/internal/service/geocode_service.go:216.20,218.3 1 0
geoaccuracy-backend/internal/service/geocode_service.go:220.2,228.8 1 1
geoaccuracy-backend/internal/service/geocode_service.go:231.120,236.16 4 1
geoaccuracy-backend/internal/service/geocode_service.go:236.16,238.3 1 0
geoaccuracy-backend/internal/service/geocode_service.go:240.2,241.16 2 1
geoaccuracy-backend/internal/service/geocode_service.go:241.16,243.3 1 0
geoaccuracy-backend/internal/service/geocode_service.go:244.2,246.97 2 1
geoaccuracy-backend/internal/service/geocode_service.go:246.97,248.3 1 1
geoaccuracy-backend/internal/service/geocode_service.go:248.8,248.45 1 1
geoaccuracy-backend/internal/service/geocode_service.go:248.45,250.3 1 0
geoaccuracy-backend/internal/service/geocode_service.go:252.2,263.67 2 1
geoaccuracy-backend/internal/service/geocode_service.go:263.67,265.3 1 0
geoaccuracy-backend/internal/service/geocode_service.go:267.2,267.31 1 1
geoaccuracy-backend/internal/service/geocode_service.go:267.31,269.3 1 0
geoaccuracy-backend/internal/service/geocode_service.go:271.2,280.8 2 1
geoaccuracy-backend/internal/service/geocode_service.go:283.125,288.16 4 1
geoaccuracy-backend/internal/service/geocode_service.go:288.16,290.3 1 0
geoaccuracy-backend/internal/service/geocode_service.go:292.2,293.16 2 1
geoaccuracy-backend/internal/service/geocode_service.go:293.16,295.3 1 0
geoaccuracy-backend/internal/service/geocode_service.go:296.2,298.140 2 1
geoaccuracy-backend/internal/service/geocode_service.go:298.140,300.3 1 1
geoaccuracy-backend/internal/service/geocode_service.go:300.8,300.45 1 0
geoaccuracy-backend/internal/service/geocode_service.go:300.45,302.3 1 0
geoaccuracy-backend/internal/service/geocode_service.go:304.2,313.67 2 0
geoaccuracy-backend/internal/service/geocode_service.go:313.67,315.3 1 0
geoaccuracy-backend/internal/service/geocode_service.go:317.2,317.27 1 0
geoaccuracy-backend/internal/service/geocode_service.go:317.27,319.3 1 0
geoaccuracy-backend/internal/service/geocode_service.go:321.2,330.8 2 0
geoaccuracy-backend/internal/service/geocode_service.go:333.122,338.16 4 1
geoaccuracy-backend/internal/service/geocode_service.go:338.16,340.3 1 0
geoaccuracy-backend/internal/service/geocode_service.go:342.2,343.16 2 1
geoaccuracy-backend/internal/service/geocode_service.go:343.16,345.3 1 0
geoaccuracy-backend/internal/service/geocode_service.go:346.2,348.38 2 1
geoaccuracy-backend/internal/service/geocode_service.go:348.38,350.3 1 0
geoaccuracy-backend/internal/service/geocode_service.go:352.2,368.67 2 1
geoaccuracy-backend/internal/service/geocode_service.go:368.67,370.3 1 0
geoaccuracy-backend/internal/service/geocode_service.go:372.2,372.37 1 1
geoaccuracy-backend/internal/service/geocode_service.go:372.37,374.3 1 0
geoaccuracy-backend/internal/service/geocode_service.go:374.8,374.85 1 1
geoaccuracy-backend/internal/service/geocode_service.go:374.85,376.3 1 0
geoaccuracy-backend/internal/service/geocode_service.go:376.8,376.34 1 1
geoaccuracy-backend/internal/service/geocode_service.go:376.34,378.3 1 0
geoaccuracy-backend/internal/service/geocode_service.go:380.2,380.30 1 1
geoaccuracy-backend/internal/service/geocode_service.go:380.30,382.3 1 0
geoaccuracy-backend/internal/service/geocode_service.go:384.2,387.45 3 1
geoaccuracy-backend/internal/service/geocode_service.go:387.45,388.34 1 1
geoaccuracy-backend/internal/service/geocode_service.go:388.34,389.65 1 1
geoaccuracy-backend/internal/service/geocode_service.go:389.65,390.19 1 1
geoaccuracy-backend/internal/service/geocode_service.go:390.19,392.6 1 1
geoaccuracy-backend/internal/service/geocode_service.go:394.4,394.44 1 1
geoaccuracy-backend/internal/service/geocode_service.go:394.44,396.5 1 1
geoaccuracy-backend/internal/service/geocode_service.go:400.2,408.8 1 1
geoaccuracy-backend/internal/service/geocode_service.go:411.97,427.2 2 1
geoaccuracy-backend/internal/service/geocode_service.go:429.36,433.2 3 1
geoaccuracy-backend/internal/service/history_service.go:16.76,18.2 1 0
geoaccuracy-backend/internal/service/history_service.go:21.79,22.45 1 0
geoaccuracy-backend/internal/service/history_service.go:22.45,24.3 1 0
geoaccuracy-backend/internal/service/history_service.go:25.2,25.12 1 0
geoaccuracy-backend/internal/service/history_service.go:29.105,30.14 1 0
geoaccuracy-backend/internal/service/history_service.go:30.14,32.3 1 0
geoaccuracy-backend/internal/service/history_service.go:33.2,33.36 1 0
geoaccuracy-backend/internal/service/history_service.go:33.36,35.3 1 0
geoaccuracy-backend/internal/service/history_service.go:37.2,38.16 2 0
geoaccuracy-backend/internal/service/history_service.go:38.16,40.3 1 0
geoaccuracy-backend/internal/service/history_service.go:42.2,47.8 1 0
geoaccuracy-backend/internal/service/history_service.go:51.82,53.16 2 0
geoaccuracy-backend/internal/service/history_service.go:53.16,55.3 1 0
geoaccuracy-backend/internal/service/history_service.go:56.2,56.17 1 0
geoaccuracy-backend/internal/service/scheduler_service.go:42.139,51.2 1 0
geoaccuracy-backend/internal/service/scheduler_service.go:53.36,56.2 2 0
geoaccuracy-backend/internal/service/scheduler_service.go:58.35,61.2 2 0
geoaccuracy-backend/internal/service/scheduler_service.go:63.71,65.16 2 0
geoaccuracy-backend/internal/service/scheduler_service.go:65.16,67.3 1 0
geoaccuracy-backend/internal/service/scheduler_service.go:69.2,69.30 1 0
geoaccuracy-backend/internal/service/scheduler_service.go:69.30,71.3 1 0
geoaccuracy-backend/internal/service/scheduler_service.go:73.2,73.12 1 0
geoaccuracy-backend/internal/service/scheduler_service.go:76.103,83.44 4 0
geoaccuracy-backend/internal/service/scheduler_service.go:83.44,86.3 2 0
geoaccuracy-backend/internal/service/scheduler_service.go:88.2,89.55 2 0
geoaccuracy-backend/internal/service/scheduler_service.go:89.55,91.3 1 0
geoaccuracy-backend/internal/service/scheduler_service.go:93.2,93.39 1 0
geoaccuracy-backend/internal/service/scheduler_service.go:93.39,95.3 1 0
geoaccuracy-backend/internal/service/scheduler_service.go:97.2,97.56 1 0
geoaccuracy-backend/internal/service/scheduler_service.go:97.56,105.112 4 0
geoaccuracy-backend/internal/service/scheduler_service.go:105.112,106.31 1 0
geoaccuracy-backend/internal/service/scheduler_service.go:106.31,110.24 3 0
geoaccuracy-backend/internal/service/scheduler_service.go:110.24,112.6 1 0
geoaccuracy-backend/internal/service/scheduler_service.go:112.11,113.31 1 0
geoaccuracy-backend/internal/service/scheduler_service.go:114.22,115.30 1 0
geoaccuracy-backend/internal/service/scheduler_service.go:116.29,117.28 1 0
geoaccuracy-backend/internal/service/scheduler_service.go:118.24,119.32 1 0
geoaccuracy-backend/internal/service/scheduler_service.go:120.14,121.27 1 0
geoaccuracy-backend/internal/service/scheduler_service.go:125.4,125.14 1 0
geoaccuracy-backend/internal/service/scheduler_service.go:128.3,128.17 1 0
geoaccuracy-backend/internal/service/scheduler_service.go:128.17,130.4 1 0
geoaccuracy-backend/internal/service/scheduler_service.go:130.9,133.4 2 0
geoaccuracy-backend/internal/service/scheduler_service.go:136.2,136.16 1 0
geoaccuracy-backend/internal/service/scheduler_service.go:136.16,139.3 2 0
geoaccuracy-backend/internal/service/scheduler_service.go:141.2,143.12 3 0
geoaccuracy-backend/internal/service/scheduler_service.go:146.56,150.44 4 0
geoaccuracy-backend/internal/service/scheduler_service.go:150.44,154.3 3 0
geoaccuracy-backend/internal/service/scheduler_service.go:161.77,162.25 1 0
geoaccuracy-backend/internal/service/scheduler_service.go:162.25,164.3 1 0
geoaccuracy-backend/internal/service/scheduler_service.go:165.2,166.16 2 0
geoaccuracy-backend/internal/service/scheduler_service.go:166.16,168.3 1 0
geoaccuracy-backend/internal/service/scheduler_service.go:170.2,170.33 1 0
geoaccuracy-backend/internal/service/scheduler_service.go:170.33,172.3 1 0
geoaccuracy-backend/internal/service/scheduler_service.go:173.2,173.12 1 0
geoaccuracy-backend/internal/service/scheduler_service.go:176.98,177.25 1 0
geoaccuracy-backend/internal/service/scheduler_service.go:177.25,179.3 1 0
geoaccuracy-backend/internal/service/scheduler_service.go:180.2,186.44 4 0
geoaccuracy-backend/internal/service/scheduler_service.go:186.44,189.3 2 0
geoaccuracy-backend/internal/service/scheduler_service.go:193.2,193.26 1 0
geoaccuracy-backend/internal/service/scheduler_service.go:193.26,195.3 1 0
geoaccuracy-backend/internal/service/scheduler_service.go:197.2,197.62 1 0
geoaccuracy-backend/internal/service/scheduler_service.go:197.62,201.67 3 0
geoaccuracy-backend/internal/service/scheduler_service.go:201.67,203.4 1 0
geoaccuracy-backend/internal/service/scheduler_service.go:203.9,205.4 1 0
geoaccuracy-backend/internal/service/scheduler_service.go:208.2,208.16 1 0
geoaccuracy-backend/internal/service/scheduler_service.go:208.16,211.3 2 0
geoaccuracy-backend/internal/service/scheduler_service.go:213.2,215.12 3 0
geoaccuracy-backend/internal/service/scheduler_service.go:218.62,222.44 4 0
geoaccuracy-backend/internal/service/scheduler_service.go:222.44,226.3 3 0
geoaccuracy-backend/internal/service/settings_service.go:22.78,27.2 1 0
geoaccuracy-backend/internal/service/settings_service.go:30.81,32.2 1 0
geoaccuracy-backend/internal/service/settings_service.go:35.94,40.70 4 0
geoaccuracy-backend/internal/service/settings_service.go:40.70,42.3 1 0
geoaccuracy-backend/internal/service/settings_service.go:43.2,43.12 1 0
geoaccuracy-backend/internal/service/settings_service.go:48.114,50.15 2 0
geoaccuracy-backend/internal/service/settings_service.go:50.15,52.3 1 0
geoaccuracy-backend/internal/service/settings_service.go:54.2,57.18 3 0
geoaccuracy-backend/internal/service/settings_service.go:58.16,60.60 2 0
geoaccuracy-backend/internal/service/settings_service.go:61.18,63.60 2 0
geoaccuracy-backend/internal/service/settings_service.go:64.23,66.65 2 0
geoaccuracy-backend/internal/service/settings_service.go:67.10,68.107 1 0
geoaccuracy-backend/internal/service/settings_service.go:71.2,72.16 2 0
geoaccuracy-backend/internal/service/settings_service.go:72.16,74.3 1 0
geoaccuracy-backend/internal/service/settings_service.go:76.2,77.16 2 0
geoaccuracy-backend/internal/service/settings_service.go:77.16,79.3 1 0
geoaccuracy-backend/internal/service/settings_service.go:80.2,82.81 2 0
geoaccuracy-backend/internal/service/settings_service.go:82.81,84.3 1 0
geoaccuracy-backend/internal/service/settings_service.go:84.8,84.98 1 0
geoaccuracy-backend/internal/service/settings_service.go:84.98,86.3 1 0
geoaccuracy-backend/internal/service/settings_service.go:86.8,88.3 1 0
geoaccuracy-backend/internal/service/webhook_service.go:25.140,31.2 1 0
geoaccuracy-backend/internal/service/webhook_service.go:35.127,38.44 2 0
geoaccuracy-backend/internal/service/webhook_service.go:38.44,40.3 1 0
geoaccuracy-backend/internal/service/webhook_service.go:43.2,62.57 6 0
geoaccuracy-backend/internal/service/webhook_service.go:62.57,64.3 1 0
geoaccuracy-backend/internal/service/webhook_service.go:66.2,69.8 1 0
geoaccuracy-backend/internal/service/webhook_service.go:73.103,75.2 1 0
geoaccuracy-backend/internal/service/webhook_service.go:78.92,80.2 1 0
geoaccuracy-backend/internal/service/webhook_service.go:83.144,85.16 2 0
geoaccuracy-backend/internal/service/webhook_service.go:85.16,87.3 1 0
geoaccuracy-backend/internal/service/webhook_service.go:90.2,90.12 1 0
geoaccuracy-backend/internal/service/webhook_service.go:90.12,92.37 2 0
geoaccuracy-backend/internal/service/webhook_service.go:92.37,96.23 3 0
geoaccuracy-backend/internal/service/webhook_service.go:96.23,98.5 1 0
geoaccuracy-backend/internal/service/webhook_service.go:101.4,102.59 2 0
geoaccuracy-backend/internal/service/webhook_service.go:102.59,104.5 1 0
geoaccuracy-backend/internal/service/webhook_service.go:105.4,105.59 1 0
geoaccuracy-backend/internal/service/webhook_service.go:105.59,107.5 1 0
geoaccuracy-backend/internal/service/webhook_service.go:109.4,114.44 4 0
geoaccuracy-backend/internal/service/webhook_service.go:114.44,122.5 4 0
geoaccuracy-backend/internal/service/webhook_service.go:124.4,139.76 2 0
geoaccuracy-backend/internal/service/webhook_service.go:139.76,141.5 1 0
geoaccuracy-backend/internal/service/webhook_service.go:145.2,151.8 2 0
